<?xml version="1.0" encoding="UTF-8"?>
<!-- Generated by org.testng.reporters.JUnitReportReporter -->
<testsuite hostname="CIN10145L" failures="0" tests="1" name="pack1.TestSetup" time="7.763" errors="0" timestamp="2024-09-19T09:09:03 IST" skipped="0">
  <testcase classname="pack1.TestSetup" name="open" time="7.763"/>
  <system-out/>
</testsuite> <!-- pack1.TestSetup -->
